<?xml version="1.0" encoding="UTF-8"?>
<!-- Generated by org.testng.reporters.JUnitXMLReporter -->
<testsuite ignored="1" hostname="CLP-QA-UK" failures="1" tests="10" name="i4_Frontdesk" time="591.294" errors="0" timestamp="2021-05-11T13:10:48 EDT">
  <testcase classname="FrontDesk.POS_Test" name="POSTest_Paymentwith_cash" time="36.202"/>
  <testcase classname="FrontDesk.POS_Test" name="POSTest_Paymentwith_coupon" time="36.614"/>
  <testcase classname="FrontDesk.Addguesttest" name="addguest" time="49.862"/>
  <testcase classname="FrontDesk.QuicksalerenewalTest" name="renewalcontract" time="67.889"/>
  <testcase classname="FrontDesk.QuicksalerenewalTest" name="renewalcontract_Creditcard" time="67.798"/>
  <testcase classname="FrontDesk.QuicksalerenewalTest" name="renewalcontract_splitpayment" time="63.597">
    <failure type="java.lang.AssertionError" message="expected [Contract Created Successfully. You can perform the following actions:] but found []">
      <![CDATA[java.lang.AssertionError: expected [Contract Created Successfully. You can perform the following actions:] but found []
at FrontDesk.QuicksalerenewalTest.renewalcontract_splitpayment(QuicksalerenewalTest.java:695)
at java.base/java.util.ArrayList.forEach(ArrayList.java:1511)
... Removed 33 stack frames]]>
    </failure>
  </testcase> <!-- renewalcontract_splitpayment -->
  <testcase classname="FrontDesk.Membermanager" name="memebermanager_takepayment" time="35.956"/>
  <testcase classname="FrontDesk.Membermanager" name="memebermanager_takepayment_Cardonfile" time="27.137"/>
  <testcase classname="FrontDesk.Membermanager" name="changerequest" time="26.533"/>
  <testcase classname="FrontDesk.QuickSales_newmember" name="QuickSalesTest" time="92.754"/>
  <testcase classname="FrontDesk.POS_Test" name="POSTest_paymentwith_Creditcard" time="0.0">
    <ignored/>
  </testcase> <!-- POSTest_paymentwith_Creditcard -->
</testsuite> <!-- i4_Frontdesk -->
