<?xml version="1.0" encoding="UTF-8"?>
<!-- Generated by org.testng.reporters.JUnitXMLReporter -->
<testsuite ignored="0" hostname="CLP-QA-UK" failures="1" tests="13" name="Test" time="448.065" errors="0" timestamp="2021-05-05T16:53:36 EDT">
  <testcase classname="FrontDesk.QuicksalerenewalTest" name="@BeforeClass initialize" time="15.199">
    <failure type="java.lang.NullPointerException" message="Cannot invoke &amp;quot;pageObjects.Quicksale_renewalPO.getquicksalebtn()&amp;quot; because &amp;quot;this.ren&amp;quot; is null">
      <![CDATA[java.lang.NullPointerException: Cannot invoke "pageObjects.Quicksale_renewalPO.getquicksalebtn()" because "this.ren" is null
at FrontDesk.QuicksalerenewalTest.initialize(QuicksalerenewalTest.java:108)
at java.base/java.util.ArrayList.forEach(ArrayList.java:1511)
... Removed 25 stack frames]]>
    </failure>
  </testcase> <!-- @BeforeClass initialize -->
  <testcase classname="FrontDesk.POS_Test" name="POSTest_Paymentwith_cash" time="37.351"/>
  <testcase classname="FrontDesk.POS_Test" name="POSTest_paymentwith_Creditcard" time="45.392"/>
  <testcase classname="FrontDesk.POS_Test" name="POSTest_Paymentwith_coupon" time="35.302"/>
  <testcase classname="FrontDesk.Apptadmintest" name="Apptadmin_makeappointment" time="25.104">
    <failure type="java.lang.IndexOutOfBoundsException" message="Index 3 out of bounds for length 0">
      <![CDATA[java.lang.IndexOutOfBoundsException: Index 3 out of bounds for length 0
at java.base/jdk.internal.util.Preconditions.outOfBounds(Preconditions.java:64)
at java.base/jdk.internal.util.Preconditions.outOfBoundsCheckIndex(Preconditions.java:70)
at java.base/jdk.internal.util.Preconditions.checkIndex(Preconditions.java:248)
at java.base/java.util.Objects.checkIndex(Objects.java:373)
at java.base/java.util.ArrayList.get(ArrayList.java:427)
at FrontDesk.Apptadmintest.Apptadmin_makeappointment(Apptadmintest.java:163)
at java.base/java.util.ArrayList.forEach(ArrayList.java:1511)
... Removed 27 stack frames]]>
    </failure>
  </testcase> <!-- Apptadmin_makeappointment -->
  <testcase classname="FrontDesk.Apptadmintest" name="Apptadmin_cancelappointment" time="18.772"/>
  <testcase classname="FrontDesk.Addguesttest" name="addguest" time="49.05"/>
  <testcase classname="FrontDesk.QuicksalerenewalTest" name="renewalcontract" time="0.0">
    <skipped/>
  </testcase> <!-- renewalcontract -->
  <testcase classname="FrontDesk.QuicksalerenewalTest" name="renewalcontract_Creditcard" time="0.0">
    <skipped/>
  </testcase> <!-- renewalcontract_Creditcard -->
  <testcase classname="FrontDesk.QuicksalerenewalTest" name="renewalcontract_splitpayment" time="0.0">
    <skipped/>
  </testcase> <!-- renewalcontract_splitpayment -->
  <testcase classname="FrontDesk.Membermanager" name="memebermanager_takepayment" time="31.727"/>
  <testcase classname="FrontDesk.Membermanager" name="memebermanager_takepayment_Cardonfile" time="24.622"/>
  <testcase classname="FrontDesk.Membermanager" name="changerequest" time="24.407"/>
  <testcase classname="FrontDesk.QuickSales_newmember" name="QuickSalesTest" time="60.992"/>
</testsuite> <!-- Test -->
